Using pre-set license
Built from '2021.3/staging' branch; Version is '2021.3.16f1 (4016570cf34f) revision 4200023'; Using compiler version '192829333'; Build Type 'Release'
OS: 'Windows 10  (10.0.19045) 64bit Core' Language: 'ko' Physical Memory: 16197 MB
BatchMode: 1, IsHumanControllingUs: 0, StartBugReporterOnCrash: 0, Is64bit: 1, IsPro: 1

COMMAND LINE ARGUMENTS:
C:\Program Files\Unity\Hub\Editor\2021.3.16f1\Editor\Unity.exe
-adb2
-batchMode
-noUpm
-name
AssetImportWorker0
-projectPath
C:/Users/유지민/Documents/GitHub/GoldMetal2D/Unity 2D Example
-logFile
Logs/AssetImportWorker0.log
-srvPort
59120
Successfully changed project path to: C:/Users/유지민/Documents/GitHub/GoldMetal2D/Unity 2D Example
C:/Users/유지민/Documents/GitHub/GoldMetal2D/Unity 2D Example
[UnityMemory] Configuration Parameters - Can be set up in boot.config
    "memorysetup-bucket-allocator-granularity=16"
    "memorysetup-bucket-allocator-bucket-count=8"
    "memorysetup-bucket-allocator-block-size=33554432"
    "memorysetup-bucket-allocator-block-count=8"
    "memorysetup-main-allocator-block-size=16777216"
    "memorysetup-thread-allocator-block-size=16777216"
    "memorysetup-gfx-main-allocator-block-size=16777216"
    "memorysetup-gfx-thread-allocator-block-size=16777216"
    "memorysetup-cache-allocator-block-size=4194304"
    "memorysetup-typetree-allocator-block-size=2097152"
    "memorysetup-profiler-bucket-allocator-granularity=16"
    "memorysetup-profiler-bucket-allocator-bucket-count=8"
    "memorysetup-profiler-bucket-allocator-block-size=33554432"
    "memorysetup-profiler-bucket-allocator-block-count=8"
    "memorysetup-profiler-allocator-block-size=16777216"
    "memorysetup-profiler-editor-allocator-block-size=1048576"
    "memorysetup-temp-allocator-size-main=16777216"
    "memorysetup-job-temp-allocator-block-size=2097152"
    "memorysetup-job-temp-allocator-block-size-background=1048576"
    "memorysetup-job-temp-allocator-reduction-small-platforms=262144"
    "memorysetup-temp-allocator-size-background-worker=32768"
    "memorysetup-temp-allocator-size-job-worker=262144"
    "memorysetup-temp-allocator-size-preload-manager=33554432"
    "memorysetup-temp-allocator-size-nav-mesh-worker=65536"
    "memorysetup-temp-allocator-size-audio-worker=65536"
    "memorysetup-temp-allocator-size-cloud-worker=32768"
    "memorysetup-temp-allocator-size-gi-baking-worker=262144"
    "memorysetup-temp-allocator-size-gfx=262144"
Player connection [11720] Host "[IP] 192.168.25.4 [Port] 0 [Flags] 2 [Guid] 1648084884 [EditorId] 1648084884 [Version] 1048832 [Id] WindowsEditor(7,DESKTOP-D22J22F) [Debug] 1 [PackageName] WindowsEditor [ProjectName] Editor" joined multi-casting on [225.0.0.222:54997]...

Player connection [11720] Host "[IP] 192.168.25.4 [Port] 0 [Flags] 2 [Guid] 1648084884 [EditorId] 1648084884 [Version] 1048832 [Id] WindowsEditor(7,DESKTOP-D22J22F) [Debug] 1 [PackageName] WindowsEditor [ProjectName] Editor" joined alternative multi-casting on [225.0.0.222:34997]...

Refreshing native plugins compatible for Editor in 62.47 ms, found 4 plugins.
Preloading 0 native plugins for Editor in 0.00 ms.
Initialize engine version: 2021.3.16f1 (4016570cf34f)
[Subsystems] Discovering subsystems at path C:/Program Files/Unity/Hub/Editor/2021.3.16f1/Editor/Data/Resources/UnitySubsystems
[Subsystems] Discovering subsystems at path C:/Users/유지민/Documents/GitHub/GoldMetal2D/Unity 2D Example/Assets
GfxDevice: creating device client; threaded=0; jobified=0
Direct3D:
    Version:  Direct3D 11.0 [level 11.1]
    Renderer: NVIDIA GeForce RTX 3060 Ti (ID=0x2489)
    Vendor:   NVIDIA
    VRAM:     8050 MB
    Driver:   31.0.15.1694
Initialize mono
Mono path[0] = 'C:/Program Files/Unity/Hub/Editor/2021.3.16f1/Editor/Data/Managed'
Mono path[1] = 'C:/Program Files/Unity/Hub/Editor/2021.3.16f1/Editor/Data/MonoBleedingEdge/lib/mono/unityjit-win32'
Mono config path = 'C:/Program Files/Unity/Hub/Editor/2021.3.16f1/Editor/Data/MonoBleedingEdge/etc'
Using monoOptions --debugger-agent=transport=dt_socket,embedding=1,server=y,suspend=n,address=127.0.0.1:56288
Begin MonoManager ReloadAssembly
Registering precompiled unity dll's ...
Register platform support module: C:/Program Files/Unity/Hub/Editor/2021.3.16f1/Editor/Data/PlaybackEngines/WebGLSupport/UnityEditor.WebGL.Extensions.dll
Register platform support module: C:/Program Files/Unity/Hub/Editor/2021.3.16f1/Editor/Data/PlaybackEngines/WindowsStandaloneSupport/UnityEditor.WindowsStandalone.Extensions.dll
Registered in 0.006130 seconds.
Native extension for WindowsStandalone target not found
Native extension for WebGL target not found
Refreshing native plugins compatible for Editor in 69.56 ms, found 4 plugins.
Preloading 0 native plugins for Editor in 0.00 ms.
Mono: successfully reloaded assembly
- Completed reload, in  0.475 seconds
Domain Reload Profiling:
	ReloadAssembly (475ms)
		BeginReloadAssembly (58ms)
			ExecutionOrderSort (0ms)
			DisableScriptedObjects (0ms)
			BackupInstance (0ms)
			ReleaseScriptingObjects (0ms)
			CreateAndSetChildDomain (1ms)
		EndReloadAssembly (333ms)
			LoadAssemblies (57ms)
			RebuildTransferFunctionScriptingTraits (0ms)
			SetupTypeCache (77ms)
			ReleaseScriptCaches (0ms)
			RebuildScriptCaches (18ms)
			SetupLoadedEditorAssemblies (197ms)
				LogAssemblyErrors (0ms)
				InitializePlatformSupportModulesInManaged (7ms)
				SetLoadedEditorAssemblies (0ms)
				RefreshPlugins (70ms)
				BeforeProcessingInitializeOnLoad (1ms)
				ProcessInitializeOnLoadAttributes (84ms)
				ProcessInitializeOnLoadMethodAttributes (35ms)
				AfterProcessingInitializeOnLoad (0ms)
				EditorAssembliesLoaded (0ms)
			ExecutionOrderSort2 (0ms)
			AwakeInstancesAfterBackupRestoration (0ms)
Platform modules already initialized, skipping
Registering precompiled user dll's ...
Registered in 0.006022 seconds.
Begin MonoManager ReloadAssembly
Symbol file LoadedFromMemory doesn't match image C:\Users\유지민\Documents\GitHub\GoldMetal2D\Unity 2D Example\Library\PackageCache\com.unity.visualscripting@1.7.8\Editor\VisualScripting.Core\Dependencies\YamlDotNet\Unity.VisualScripting.YamlDotNet.dll
Symbol file LoadedFromMemory doesn't match image C:\Users\유지민\Documents\GitHub\GoldMetal2D\Unity 2D Example\Library\PackageCache\com.unity.visualscripting@1.7.8\Editor\VisualScripting.Core\Dependencies\DotNetZip\Unity.VisualScripting.IonicZip.dll
Native extension for WindowsStandalone target not found
Native extension for WebGL target not found
Refreshing native plugins compatible for Editor in 61.93 ms, found 4 plugins.
Preloading 0 native plugins for Editor in 0.00 ms.
Mono: successfully reloaded assembly
- Completed reload, in  0.831 seconds
Domain Reload Profiling:
	ReloadAssembly (832ms)
		BeginReloadAssembly (84ms)
			ExecutionOrderSort (0ms)
			DisableScriptedObjects (4ms)
			BackupInstance (0ms)
			ReleaseScriptingObjects (0ms)
			CreateAndSetChildDomain (14ms)
		EndReloadAssembly (662ms)
			LoadAssemblies (72ms)
			RebuildTransferFunctionScriptingTraits (0ms)
			SetupTypeCache (169ms)
			ReleaseScriptCaches (1ms)
			RebuildScriptCaches (41ms)
			SetupLoadedEditorAssemblies (346ms)
				LogAssemblyErrors (0ms)
				InitializePlatformSupportModulesInManaged (5ms)
				SetLoadedEditorAssemblies (0ms)
				RefreshPlugins (62ms)
				BeforeProcessingInitializeOnLoad (68ms)
				ProcessInitializeOnLoadAttributes (173ms)
				ProcessInitializeOnLoadMethodAttributes (31ms)
				AfterProcessingInitializeOnLoad (6ms)
				EditorAssembliesLoaded (0ms)
			ExecutionOrderSort2 (0ms)
			AwakeInstancesAfterBackupRestoration (9ms)
Platform modules already initialized, skipping
========================================================================
Worker process is ready to serve import requests
Launched and connected shader compiler UnityShaderCompiler.exe after 0.04 seconds
Refreshing native plugins compatible for Editor in 0.75 ms, found 4 plugins.
Preloading 0 native plugins for Editor in 0.00 ms.
Unloading 4048 Unused Serialized files (Serialized files now loaded: 0)
Unloading 43 unused Assets / (202.8 KB). Loaded Objects now: 4499.
Memory consumption went from 150.8 MB to 150.6 MB.
Total: 2.406300 ms (FindLiveObjects: 0.199700 ms CreateObjectMapping: 0.098900 ms MarkObjects: 2.011600 ms  DeleteObjects: 0.095400 ms)

AssetImportParameters requested are different than current active one (requested -> active):
  custom:video-decoder-ogg-theora: a1e56fd34408186e4bbccfd4996cb3dc -> 
  custom:container-muxer-webm: aa71ff27fc2769a1b78a27578f13a17b -> 
  custom:container-demuxer-webm: 4f35f7cbe854078d1ac9338744f61a02 -> 
  custom:video-encoder-webm-vp8: eb34c28f22e8b96e1ab97ce403110664 -> 
  custom:audio-encoder-webm-vorbis: bf7c407c2cedff20999df2af8eb42d56 -> 
  custom:framework-win-MediaFoundation: 216162199b28c13a410421893ffa2e32 -> 
  custom:container-demuxer-ogg: 62fdf1f143b41e24485cea50d1cbac27 -> 
  custom:video-decoder-webm-vp8: 9c59270c3fd7afecdb556c50c9e8de78 -> 
  custom:audio-decoder-ogg-vorbis: bf7c407c2cedff20999df2af8eb42d56 -> 
========================================================================
Received Import Request.
  Time since last request: 246521.547469 seconds.
  path: Assets/TileMap
  artifactKey: Guid(7c74e0e0cdf457d4bb57f2f9fc66af76) Importer(815301076,1909f56bfc062723c751e8b465ee728b)
Start importing Assets/TileMap using Guid(7c74e0e0cdf457d4bb57f2f9fc66af76) Importer(815301076,1909f56bfc062723c751e8b465ee728b)  -> (artifact id: 'bbfe185efded45370412a91f238d1bcc') in 0.008229 seconds 
========================================================================
Received Import Request.
  Time since last request: 86.775152 seconds.
  path: Assets/TileMap/Platform Palette.prefab
  artifactKey: Guid(c220e6eba6148454e8c507703700ce6a) Importer(815301076,1909f56bfc062723c751e8b465ee728b)
Start importing Assets/TileMap/Platform Palette.prefab using Guid(c220e6eba6148454e8c507703700ce6a) Importer(815301076,1909f56bfc062723c751e8b465ee728b)  -> (artifact id: '28a5407fbec2e49c456b7b1d1899caa2') in 0.090723 seconds 
========================================================================
Received Import Request.
  Time since last request: 57.415353 seconds.
  path: Assets/TileMap/Platform Palette.prefab
  artifactKey: Guid(c220e6eba6148454e8c507703700ce6a) Importer(815301076,1909f56bfc062723c751e8b465ee728b)
Start importing Assets/TileMap/Platform Palette.prefab using Guid(c220e6eba6148454e8c507703700ce6a) Importer(815301076,1909f56bfc062723c751e8b465ee728b)  -> (artifact id: '43f7688ced29f5387b40745fdd960939') in 0.013267 seconds 
========================================================================
Received Import Request.
  Time since last request: 0.000673 seconds.
  path: Assets/TileMap/Platforms_3.asset
  artifactKey: Guid(b0dceb9cfd39d2f45b4255cdbecc7a58) Importer(815301076,1909f56bfc062723c751e8b465ee728b)
Start importing Assets/TileMap/Platforms_3.asset using Guid(b0dceb9cfd39d2f45b4255cdbecc7a58) Importer(815301076,1909f56bfc062723c751e8b465ee728b)  -> (artifact id: '2967e3d70abcd4223a69ee7733b8bd99') in 0.015502 seconds 
========================================================================
Received Import Request.
  Time since last request: 0.000015 seconds.
  path: Assets/TileMap/Platforms_8.asset
  artifactKey: Guid(e1f0709eeaf06974aa5176b77f07dbce) Importer(815301076,1909f56bfc062723c751e8b465ee728b)
Start importing Assets/TileMap/Platforms_8.asset using Guid(e1f0709eeaf06974aa5176b77f07dbce) Importer(815301076,1909f56bfc062723c751e8b465ee728b)  -> (artifact id: 'e8fabb95f991432825920755aca8f783') in 0.031748 seconds 
========================================================================
Received Import Request.
  Time since last request: 0.000021 seconds.
  path: Assets/TileMap/Platforms_10.asset
  artifactKey: Guid(532f95343b09ddf4cacf6bfe0dc0aba1) Importer(815301076,1909f56bfc062723c751e8b465ee728b)
Start importing Assets/TileMap/Platforms_10.asset using Guid(532f95343b09ddf4cacf6bfe0dc0aba1) Importer(815301076,1909f56bfc062723c751e8b465ee728b)  -> (artifact id: '3cc4101a2354f1f09fbcf62bca97ecb0') in 0.009711 seconds 
========================================================================
Received Import Request.
  Time since last request: 0.000022 seconds.
  path: Assets/TileMap/Platforms_6.asset
  artifactKey: Guid(146f3d59f94b62a4a82bf0415bd5a32e) Importer(815301076,1909f56bfc062723c751e8b465ee728b)
Start importing Assets/TileMap/Platforms_6.asset using Guid(146f3d59f94b62a4a82bf0415bd5a32e) Importer(815301076,1909f56bfc062723c751e8b465ee728b)  -> (artifact id: 'd276bad067cbd44fe0d7ef9264f9e045') in 0.010148 seconds 
========================================================================
Received Import Request.
  Time since last request: 0.000024 seconds.
  path: Assets/TileMap/Platforms_12.asset
  artifactKey: Guid(1c01ae07eefbd504d95893ccf566ed71) Importer(815301076,1909f56bfc062723c751e8b465ee728b)
Start importing Assets/TileMap/Platforms_12.asset using Guid(1c01ae07eefbd504d95893ccf566ed71) Importer(815301076,1909f56bfc062723c751e8b465ee728b)  -> (artifact id: 'a4ef358914f391c78ddb1eff21f82685') in 0.008419 seconds 
========================================================================
Received Import Request.
  Time since last request: 0.000020 seconds.
  path: Assets/TileMap/Platforms_7.asset
  artifactKey: Guid(f3f78a3512f966b4ab94d5dc9821c1fc) Importer(815301076,1909f56bfc062723c751e8b465ee728b)
Start importing Assets/TileMap/Platforms_7.asset using Guid(f3f78a3512f966b4ab94d5dc9821c1fc) Importer(815301076,1909f56bfc062723c751e8b465ee728b)  -> (artifact id: '14ebecf15bcc3447c50b33575fc1329d') in 0.007853 seconds 
========================================================================
Received Import Request.
  Time since last request: 0.000018 seconds.
  path: Assets/TileMap/Platforms_4.asset
  artifactKey: Guid(4a657bf77ea158346bb4b3852dd83d05) Importer(815301076,1909f56bfc062723c751e8b465ee728b)
Start importing Assets/TileMap/Platforms_4.asset using Guid(4a657bf77ea158346bb4b3852dd83d05) Importer(815301076,1909f56bfc062723c751e8b465ee728b)  -> (artifact id: 'daba7748b21194d1f7359beb40a75110') in 0.009622 seconds 
========================================================================
Received Import Request.
  Time since last request: 0.000021 seconds.
  path: Assets/TileMap/Platforms_5.asset
  artifactKey: Guid(dcb1e8b8e57cb88438089bdd8e5be44e) Importer(815301076,1909f56bfc062723c751e8b465ee728b)
Start importing Assets/TileMap/Platforms_5.asset using Guid(dcb1e8b8e57cb88438089bdd8e5be44e) Importer(815301076,1909f56bfc062723c751e8b465ee728b)  -> (artifact id: '23aae99f2aa27f5a6615abd9b48bd27d') in 0.009534 seconds 
========================================================================
Received Import Request.
  Time since last request: 0.000017 seconds.
  path: Assets/TileMap/Platforms_14.asset
  artifactKey: Guid(6c5d30d86f17c06489ea2b6f7bfe3db2) Importer(815301076,1909f56bfc062723c751e8b465ee728b)
Start importing Assets/TileMap/Platforms_14.asset using Guid(6c5d30d86f17c06489ea2b6f7bfe3db2) Importer(815301076,1909f56bfc062723c751e8b465ee728b)  -> (artifact id: 'bf5b2629ce1d78527a22850c64932f7f') in 0.007380 seconds 
Editor requested this worker to shutdown with reason: Scaling down because of idle timeout
AssetImportWorker is now disconnected from the server
Process exiting
Exiting without the bug reporter. Application will terminate with return code 0