Using pre-set license
Built from '2021.3/staging' branch; Version is '2021.3.16f1 (4016570cf34f) revision 4200023'; Using compiler version '192829333'; Build Type 'Release'
OS: 'Windows 10  (10.0.19045) 64bit Core' Language: 'ko' Physical Memory: 16197 MB
BatchMode: 1, IsHumanControllingUs: 0, StartBugReporterOnCrash: 0, Is64bit: 1, IsPro: 1

COMMAND LINE ARGUMENTS:
C:\Program Files\Unity\Hub\Editor\2021.3.16f1\Editor\Unity.exe
-adb2
-batchMode
-noUpm
-name
AssetImportWorker0
-projectPath
C:/UnityProjects/Unity 2D Example
-logFile
Logs/AssetImportWorker0.log
-srvPort
57137
Successfully changed project path to: C:/UnityProjects/Unity 2D Example
C:/UnityProjects/Unity 2D Example
[UnityMemory] Configuration Parameters - Can be set up in boot.config
    "memorysetup-bucket-allocator-granularity=16"
    "memorysetup-bucket-allocator-bucket-count=8"
    "memorysetup-bucket-allocator-block-size=33554432"
    "memorysetup-bucket-allocator-block-count=8"
    "memorysetup-main-allocator-block-size=16777216"
    "memorysetup-thread-allocator-block-size=16777216"
    "memorysetup-gfx-main-allocator-block-size=16777216"
    "memorysetup-gfx-thread-allocator-block-size=16777216"
    "memorysetup-cache-allocator-block-size=4194304"
    "memorysetup-typetree-allocator-block-size=2097152"
    "memorysetup-profiler-bucket-allocator-granularity=16"
    "memorysetup-profiler-bucket-allocator-bucket-count=8"
    "memorysetup-profiler-bucket-allocator-block-size=33554432"
    "memorysetup-profiler-bucket-allocator-block-count=8"
    "memorysetup-profiler-allocator-block-size=16777216"
    "memorysetup-profiler-editor-allocator-block-size=1048576"
    "memorysetup-temp-allocator-size-main=16777216"
    "memorysetup-job-temp-allocator-block-size=2097152"
    "memorysetup-job-temp-allocator-block-size-background=1048576"
    "memorysetup-job-temp-allocator-reduction-small-platforms=262144"
    "memorysetup-temp-allocator-size-background-worker=32768"
    "memorysetup-temp-allocator-size-job-worker=262144"
    "memorysetup-temp-allocator-size-preload-manager=33554432"
    "memorysetup-temp-allocator-size-nav-mesh-worker=65536"
    "memorysetup-temp-allocator-size-audio-worker=65536"
    "memorysetup-temp-allocator-size-cloud-worker=32768"
    "memorysetup-temp-allocator-size-gi-baking-worker=262144"
    "memorysetup-temp-allocator-size-gfx=262144"
Player connection [15796] Host "[IP] 192.168.25.4 [Port] 0 [Flags] 2 [Guid] 2757867848 [EditorId] 2757867848 [Version] 1048832 [Id] WindowsEditor(7,DESKTOP-D22J22F) [Debug] 1 [PackageName] WindowsEditor [ProjectName] Editor" joined multi-casting on [225.0.0.222:54997]...

Player connection [15796] Host "[IP] 192.168.25.4 [Port] 0 [Flags] 2 [Guid] 2757867848 [EditorId] 2757867848 [Version] 1048832 [Id] WindowsEditor(7,DESKTOP-D22J22F) [Debug] 1 [PackageName] WindowsEditor [ProjectName] Editor" joined alternative multi-casting on [225.0.0.222:34997]...

Refreshing native plugins compatible for Editor in 60.56 ms, found 4 plugins.
Preloading 0 native plugins for Editor in 0.00 ms.
Initialize engine version: 2021.3.16f1 (4016570cf34f)
[Subsystems] Discovering subsystems at path C:/Program Files/Unity/Hub/Editor/2021.3.16f1/Editor/Data/Resources/UnitySubsystems
[Subsystems] Discovering subsystems at path C:/UnityProjects/Unity 2D Example/Assets
GfxDevice: creating device client; threaded=0; jobified=0
Direct3D:
    Version:  Direct3D 11.0 [level 11.1]
    Renderer: NVIDIA GeForce RTX 3060 Ti (ID=0x2489)
    Vendor:   NVIDIA
    VRAM:     8050 MB
    Driver:   31.0.15.1694
Initialize mono
Mono path[0] = 'C:/Program Files/Unity/Hub/Editor/2021.3.16f1/Editor/Data/Managed'
Mono path[1] = 'C:/Program Files/Unity/Hub/Editor/2021.3.16f1/Editor/Data/MonoBleedingEdge/lib/mono/unityjit-win32'
Mono config path = 'C:/Program Files/Unity/Hub/Editor/2021.3.16f1/Editor/Data/MonoBleedingEdge/etc'
Using monoOptions --debugger-agent=transport=dt_socket,embedding=1,server=y,suspend=n,address=127.0.0.1:56776
Begin MonoManager ReloadAssembly
Registering precompiled unity dll's ...
Register platform support module: C:/Program Files/Unity/Hub/Editor/2021.3.16f1/Editor/Data/PlaybackEngines/WebGLSupport/UnityEditor.WebGL.Extensions.dll
Register platform support module: C:/Program Files/Unity/Hub/Editor/2021.3.16f1/Editor/Data/PlaybackEngines/WindowsStandaloneSupport/UnityEditor.WindowsStandalone.Extensions.dll
Registered in 0.006232 seconds.
Native extension for WindowsStandalone target not found
Native extension for WebGL target not found
Refreshing native plugins compatible for Editor in 77.90 ms, found 4 plugins.
Preloading 0 native plugins for Editor in 0.00 ms.
Mono: successfully reloaded assembly
- Completed reload, in  0.454 seconds
Domain Reload Profiling:
	ReloadAssembly (454ms)
		BeginReloadAssembly (54ms)
			ExecutionOrderSort (0ms)
			DisableScriptedObjects (0ms)
			BackupInstance (0ms)
			ReleaseScriptingObjects (0ms)
			CreateAndSetChildDomain (1ms)
		EndReloadAssembly (323ms)
			LoadAssemblies (52ms)
			RebuildTransferFunctionScriptingTraits (0ms)
			SetupTypeCache (66ms)
			ReleaseScriptCaches (0ms)
			RebuildScriptCaches (18ms)
			SetupLoadedEditorAssemblies (204ms)
				LogAssemblyErrors (0ms)
				InitializePlatformSupportModulesInManaged (7ms)
				SetLoadedEditorAssemblies (0ms)
				RefreshPlugins (78ms)
				BeforeProcessingInitializeOnLoad (1ms)
				ProcessInitializeOnLoadAttributes (85ms)
				ProcessInitializeOnLoadMethodAttributes (33ms)
				AfterProcessingInitializeOnLoad (0ms)
				EditorAssembliesLoaded (0ms)
			ExecutionOrderSort2 (0ms)
			AwakeInstancesAfterBackupRestoration (0ms)
Platform modules already initialized, skipping
Registering precompiled user dll's ...
Registered in 0.005719 seconds.
Begin MonoManager ReloadAssembly
Symbol file LoadedFromMemory doesn't match image C:\UnityProjects\Unity 2D Example\Library\PackageCache\com.unity.visualscripting@1.7.8\Editor\VisualScripting.Core\Dependencies\YamlDotNet\Unity.VisualScripting.YamlDotNet.dll
Symbol file LoadedFromMemory doesn't match image C:\UnityProjects\Unity 2D Example\Library\PackageCache\com.unity.visualscripting@1.7.8\Editor\VisualScripting.Core\Dependencies\DotNetZip\Unity.VisualScripting.IonicZip.dll
Native extension for WindowsStandalone target not found
Native extension for WebGL target not found
Refreshing native plugins compatible for Editor in 59.37 ms, found 4 plugins.
Preloading 0 native plugins for Editor in 0.00 ms.
Mono: successfully reloaded assembly
- Completed reload, in  0.796 seconds
Domain Reload Profiling:
	ReloadAssembly (796ms)
		BeginReloadAssembly (78ms)
			ExecutionOrderSort (0ms)
			DisableScriptedObjects (4ms)
			BackupInstance (0ms)
			ReleaseScriptingObjects (0ms)
			CreateAndSetChildDomain (14ms)
		EndReloadAssembly (619ms)
			LoadAssemblies (62ms)
			RebuildTransferFunctionScriptingTraits (0ms)
			SetupTypeCache (157ms)
			ReleaseScriptCaches (0ms)
			RebuildScriptCaches (38ms)
			SetupLoadedEditorAssemblies (328ms)
				LogAssemblyErrors (0ms)
				InitializePlatformSupportModulesInManaged (4ms)
				SetLoadedEditorAssemblies (0ms)
				RefreshPlugins (59ms)
				BeforeProcessingInitializeOnLoad (65ms)
				ProcessInitializeOnLoadAttributes (164ms)
				ProcessInitializeOnLoadMethodAttributes (29ms)
				AfterProcessingInitializeOnLoad (5ms)
				EditorAssembliesLoaded (0ms)
			ExecutionOrderSort2 (0ms)
			AwakeInstancesAfterBackupRestoration (8ms)
Platform modules already initialized, skipping
========================================================================
Worker process is ready to serve import requests
Launched and connected shader compiler UnityShaderCompiler.exe after 0.03 seconds
Refreshing native plugins compatible for Editor in 0.61 ms, found 4 plugins.
Preloading 0 native plugins for Editor in 0.00 ms.
Unloading 4048 Unused Serialized files (Serialized files now loaded: 0)
Unloading 43 unused Assets / (202.9 KB). Loaded Objects now: 4499.
Memory consumption went from 150.8 MB to 150.6 MB.
Total: 2.449300 ms (FindLiveObjects: 0.202600 ms CreateObjectMapping: 0.096600 ms MarkObjects: 2.047600 ms  DeleteObjects: 0.102000 ms)

AssetImportParameters requested are different than current active one (requested -> active):
  custom:video-decoder-ogg-theora: a1e56fd34408186e4bbccfd4996cb3dc -> 
  custom:container-muxer-webm: aa71ff27fc2769a1b78a27578f13a17b -> 
  custom:container-demuxer-webm: 4f35f7cbe854078d1ac9338744f61a02 -> 
  custom:video-encoder-webm-vp8: eb34c28f22e8b96e1ab97ce403110664 -> 
  custom:audio-encoder-webm-vorbis: bf7c407c2cedff20999df2af8eb42d56 -> 
  custom:framework-win-MediaFoundation: 216162199b28c13a410421893ffa2e32 -> 
  custom:container-demuxer-ogg: 62fdf1f143b41e24485cea50d1cbac27 -> 
  custom:video-decoder-webm-vp8: 9c59270c3fd7afecdb556c50c9e8de78 -> 
  custom:audio-decoder-ogg-vorbis: bf7c407c2cedff20999df2af8eb42d56 -> 
========================================================================
Received Import Request.
  Time since last request: 157881.372604 seconds.
  path: Assets/Simple 2D Platformer BE2/ReadMe/Scripts/Editor/ReadmeEditorBE2.cs
  artifactKey: Guid(476cc7d7cd9874016adc216baab94a0a) Importer(815301076,1909f56bfc062723c751e8b465ee728b)
Start importing Assets/Simple 2D Platformer BE2/ReadMe/Scripts/Editor/ReadmeEditorBE2.cs using Guid(476cc7d7cd9874016adc216baab94a0a) Importer(815301076,1909f56bfc062723c751e8b465ee728b)  -> (artifact id: '2ba5f2f510433881c4a2ef5849bbc443') in 0.025288 seconds 
========================================================================
Received Import Request.
  Time since last request: 0.025186 seconds.
  path: Assets/Simple 2D Platformer BE2/ReadMe/Scripts
  artifactKey: Guid(f5edb77054abb1346bc42df135f782eb) Importer(815301076,1909f56bfc062723c751e8b465ee728b)
Start importing Assets/Simple 2D Platformer BE2/ReadMe/Scripts using Guid(f5edb77054abb1346bc42df135f782eb) Importer(815301076,1909f56bfc062723c751e8b465ee728b)  -> (artifact id: 'e935122ada5714b045745e6ab5194294') in 0.003765 seconds 
========================================================================
Received Import Request.
  Time since last request: 0.001043 seconds.
  path: Assets/Simple 2D Platformer BE2/ReadMe/Scripts/Editor
  artifactKey: Guid(3ad9b87dffba344c89909c6d1b1c17e1) Importer(815301076,1909f56bfc062723c751e8b465ee728b)
Start importing Assets/Simple 2D Platformer BE2/ReadMe/Scripts/Editor using Guid(3ad9b87dffba344c89909c6d1b1c17e1) Importer(815301076,1909f56bfc062723c751e8b465ee728b)  -> (artifact id: '5fd757725371249e191449f57f634ec2') in 0.003465 seconds 
========================================================================
Received Import Request.
  Time since last request: 0.002995 seconds.
  path: Assets/Simple 2D Platformer BE2/ReadMe/Scripts/ReadmeBE2.cs
  artifactKey: Guid(fcf7219bab7fe46a1ad266029b2fee19) Importer(815301076,1909f56bfc062723c751e8b465ee728b)
Start importing Assets/Simple 2D Platformer BE2/ReadMe/Scripts/ReadmeBE2.cs using Guid(fcf7219bab7fe46a1ad266029b2fee19) Importer(815301076,1909f56bfc062723c751e8b465ee728b)  -> (artifact id: '7a21ce2bcf2f55edb07737358258a0c0') in 0.003626 seconds 
========================================================================
Received Import Request.
  Time since last request: 0.002715 seconds.
  path: Assets/Simple 2D Platformer BE2/Animation/Player.controller
  artifactKey: Guid(5ce99071ac1236f4081f74e894666131) Importer(815301076,1909f56bfc062723c751e8b465ee728b)
Start importing Assets/Simple 2D Platformer BE2/Animation/Player.controller using Guid(5ce99071ac1236f4081f74e894666131) Importer(815301076,1909f56bfc062723c751e8b465ee728b)  -> (artifact id: '09b4173f27baf6feb20ec945e51fbf9e') in 0.015238 seconds 
========================================================================
Received Import Request.
  Time since last request: 0.002885 seconds.
  path: Assets/Simple 2D Platformer BE2/Animation/Item.controller
  artifactKey: Guid(52bed83116a2f2c4bb91be1d642e20fa) Importer(815301076,1909f56bfc062723c751e8b465ee728b)
Start importing Assets/Simple 2D Platformer BE2/Animation/Item.controller using Guid(52bed83116a2f2c4bb91be1d642e20fa) Importer(815301076,1909f56bfc062723c751e8b465ee728b)  -> (artifact id: 'ad16897c33a19b05ea9dc5873eac123a') in 0.004246 seconds 
========================================================================
Received Import Request.
  Time since last request: 0.018433 seconds.
  path: Assets/Simple 2D Platformer BE2/Animation/Enemy.controller
  artifactKey: Guid(565afcf91a3796c4a861349b45f98ee1) Importer(815301076,1909f56bfc062723c751e8b465ee728b)
Start importing Assets/Simple 2D Platformer BE2/Animation/Enemy.controller using Guid(565afcf91a3796c4a861349b45f98ee1) Importer(815301076,1909f56bfc062723c751e8b465ee728b)  -> (artifact id: '77ee885db636c9bf4a090004631d4db9') in 0.004130 seconds 
========================================================================
Received Import Request.
  Time since last request: 0.000836 seconds.
  path: Assets/Simple 2D Platformer BE2/Demo
  artifactKey: Guid(ec5bf1f2d54b72f419923584020bb6e8) Importer(815301076,1909f56bfc062723c751e8b465ee728b)
Start importing Assets/Simple 2D Platformer BE2/Demo using Guid(ec5bf1f2d54b72f419923584020bb6e8) Importer(815301076,1909f56bfc062723c751e8b465ee728b)  -> (artifact id: 'f5ed7f4cca8f0c0ddc870343a3d240f4') in 0.003427 seconds 
========================================================================
Received Import Request.
  Time since last request: 0.002641 seconds.
  path: Assets/Simple 2D Platformer BE2/Demo/Demo.unity
  artifactKey: Guid(3a25811d9b7b5fa4da6d5077a40cdc20) Importer(815301076,1909f56bfc062723c751e8b465ee728b)
Start importing Assets/Simple 2D Platformer BE2/Demo/Demo.unity using Guid(3a25811d9b7b5fa4da6d5077a40cdc20) Importer(815301076,1909f56bfc062723c751e8b465ee728b)  -> (artifact id: '86bf18e5f43142c8e3768ffb37defc9e') in 0.003886 seconds 
========================================================================
Received Import Request.
  Time since last request: 0.002674 seconds.
  path: Assets/Simple 2D Platformer BE2/Animation/BrozeCoin.anim
  artifactKey: Guid(fba596679d9ecf14693b2f188b316e5d) Importer(815301076,1909f56bfc062723c751e8b465ee728b)
Start importing Assets/Simple 2D Platformer BE2/Animation/BrozeCoin.anim using Guid(fba596679d9ecf14693b2f188b316e5d) Importer(815301076,1909f56bfc062723c751e8b465ee728b)  -> (artifact id: 'cd101781d198e592b48304dc8cf7c9ec') in 0.006206 seconds 
========================================================================
Received Import Request.
  Time since last request: 0.009657 seconds.
  path: Assets/Scenes
  artifactKey: Guid(131a6b21c8605f84396be9f6751fb6e3) Importer(815301076,1909f56bfc062723c751e8b465ee728b)
Start importing Assets/Scenes using Guid(131a6b21c8605f84396be9f6751fb6e3) Importer(815301076,1909f56bfc062723c751e8b465ee728b)  -> (artifact id: '2c23e514d24f6b65fe96946cd87fc526') in 0.003528 seconds 
========================================================================
Received Import Request.
  Time since last request: 0.000911 seconds.
  path: Assets/Simple 2D Platformer BE2/Animation
  artifactKey: Guid(80e1cdfe6ace0664195e230a8aa56a0d) Importer(815301076,1909f56bfc062723c751e8b465ee728b)
Start importing Assets/Simple 2D Platformer BE2/Animation using Guid(80e1cdfe6ace0664195e230a8aa56a0d) Importer(815301076,1909f56bfc062723c751e8b465ee728b)  -> (artifact id: '96c8a34fe64d7af67207003e7f74b2f7') in 0.003413 seconds 
========================================================================
Received Import Request.
  Time since last request: 0.006491 seconds.
  path: Assets/Simple 2D Platformer BE2/Animation/Idle.anim
  artifactKey: Guid(7ab19581908109d42ba59682065e73c0) Importer(815301076,1909f56bfc062723c751e8b465ee728b)
Start importing Assets/Simple 2D Platformer BE2/Animation/Idle.anim using Guid(7ab19581908109d42ba59682065e73c0) Importer(815301076,1909f56bfc062723c751e8b465ee728b)  -> (artifact id: '9310fcd38e626133c9b4dde917743148') in 0.004055 seconds 
========================================================================
Received Import Request.
  Time since last request: 0.023005 seconds.
  path: Assets/PlayerMove.cs
  artifactKey: Guid(1fc0cdc6a7361564083ddbc5d91dc419) Importer(815301076,1909f56bfc062723c751e8b465ee728b)
Start importing Assets/PlayerMove.cs using Guid(1fc0cdc6a7361564083ddbc5d91dc419) Importer(815301076,1909f56bfc062723c751e8b465ee728b)  -> (artifact id: '9d7c49d1963d6665a08eefebed307b79') in 0.003819 seconds 
========================================================================
Received Import Request.
  Time since last request: 0.001091 seconds.
  path: Assets/Simple 2D Platformer BE2/ReadMe
  artifactKey: Guid(41db4850fe3fb784e9743f18b3d20bb3) Importer(815301076,1909f56bfc062723c751e8b465ee728b)
Start importing Assets/Simple 2D Platformer BE2/ReadMe using Guid(41db4850fe3fb784e9743f18b3d20bb3) Importer(815301076,1909f56bfc062723c751e8b465ee728b)  -> (artifact id: 'db5795c74e876c53e09ab200afb45887') in 0.003434 seconds 
========================================================================
Received Import Request.
  Time since last request: 0.002699 seconds.
  path: Assets/Scenes/SampleScene.unity
  artifactKey: Guid(2cda990e2423bbf4892e6590ba056729) Importer(815301076,1909f56bfc062723c751e8b465ee728b)
Start importing Assets/Scenes/SampleScene.unity using Guid(2cda990e2423bbf4892e6590ba056729) Importer(815301076,1909f56bfc062723c751e8b465ee728b)  -> (artifact id: '29cea87fd0b98154f7289e7090b9b2d3') in 0.003816 seconds 
